<?xml version="1.0" encoding="UTF-8"?>
<!-- Generated by org.testng.reporters.JUnitXMLReporter -->
<testsuite ignored="0" hostname="TRENGOZCUWIN" failures="0" tests="40" name="Command line test" time="47.017" errors="0" timestamp="2023-05-28T02:40:19 TRT">
  <testcase classname="request.CreateUserTest" name="createUserHappyPath" time="2.836"/>
  <testcase classname="request.CreateUserTest" name="createUserWithFiftyCharFirstName" time="1.208"/>
  <testcase classname="request.CreateUserTest" name="createUserWithFiftyCharLastName" time="1.165"/>
  <testcase classname="request.CreateUserTest" name="createUserWithFourCharUserName" time="0.975"/>
  <testcase classname="request.CreateUserTest" name="createUserWithTwelveCharUserName" time="1.057"/>
  <testcase classname="request.CreateUserTest" name="createUserWithTwoCharFirstName" time="1.079"/>
  <testcase classname="request.CreateUserTest" name="createUserWithTwoCharLastName" time="1.023"/>
  <testcase classname="request.CreateUserTest" name="createUserWithoutPassword" time="1.059"/>
  <testcase classname="request.CreateUserTest" name="doNotCreateUserWithFiftyOneCharFirstName" time="1.102"/>
  <testcase classname="request.CreateUserTest" name="doNotCreateUserWithFiftyOneCharLastName" time="1.101"/>
  <testcase classname="request.CreateUserTest" name="doNotCreateUserWithOneCharFirstName" time="1.07"/>
  <testcase classname="request.CreateUserTest" name="doNotCreateUserWithOneCharLastName" time="1.149"/>
  <testcase classname="request.CreateUserTest" name="doNotCreateUserWithThirteenCharUserName" time="1.293"/>
  <testcase classname="request.CreateUserTest" name="doNotCreateUserWithThreeCharUserName" time="1.239"/>
  <testcase classname="request.CreateUserTest" name="doNotCreateUserWithoutFirstName" time="1.122"/>
  <testcase classname="request.CreateUserTest" name="doNotCreateUserWithoutLastName" time="1.121"/>
  <testcase classname="request.CreateUserTest" name="doNotCreateUserWithoutUserName" time="0.981"/>
  <testcase classname="request.CreateUserTest" name="doNotCreateWithAlphanumericFirstName" time="0.952"/>
  <testcase classname="request.CreateUserTest" name="doNotCreateWithAlphanumericLastName" time="1.095"/>
  <testcase classname="request.DeleteAUserTest" name="deleteAUserHappyPath" time="1.118"/>
  <testcase classname="request.DeleteAUserTest" name="doNotDeleteAUserWitNonExistedUserId" time="0.998"/>
  <testcase classname="request.GetAUserTest" name="doNotGetAUserWithNonExistedUserId" time="0.999"/>
  <testcase classname="request.GetAUserTest" name="getAUserHappyPath" time="1.203"/>
  <testcase classname="request.GetUserListTest" name="getUserList" time="1.099"/>
  <testcase classname="request.PatchAUserActivityTest" name="doNotPatchAUserActivityWithImproperTypeOfIsActivePropertyValue" time="1.076"/>
  <testcase classname="request.PatchAUserActivityTest" name="doNotPatchAUserActivityWithoutIsActiveProperty" time="1.148"/>
  <testcase classname="request.PatchAUserActivityTest" name="patchAUserActivityAsFalse" time="1.905"/>
  <testcase classname="request.PatchAUserActivityTest" name="patchAUserActivityAsTrue" time="1.043"/>
  <testcase classname="request.UpdateAUserTest" name="doNotUpdateAUserWithFiftyOneCharFirstName" time="1.017"/>
  <testcase classname="request.UpdateAUserTest" name="doNotUpdateAUserWithFiftyOneCharLastName" time="0.984"/>
  <testcase classname="request.UpdateAUserTest" name="doNotUpdateAUserWithNonExistedUserId" time="0.958"/>
  <testcase classname="request.UpdateAUserTest" name="doNotUpdateAUserWithOneCharFirstName" time="1.188"/>
  <testcase classname="request.UpdateAUserTest" name="doNotUpdateAUserWithOneCharLastName" time="1.011"/>
  <testcase classname="request.UpdateAUserTest" name="doNotUpdateAUserWithoutFirstName" time="1.087"/>
  <testcase classname="request.UpdateAUserTest" name="doNotUpdateAUserWithoutLastName" time="1.02"/>
  <testcase classname="request.UpdateAUserTest" name="updateAUserHappyPath" time="1.524"/>
  <testcase classname="request.UpdateAUserTest" name="updateAUserWithFiftyCharFirstName" time="1.145"/>
  <testcase classname="request.UpdateAUserTest" name="updateAUserWithFiftyCharLastName" time="1.008"/>
  <testcase classname="request.UpdateAUserTest" name="updateAUserWithTwoCharFirstName" time="1.345"/>
  <testcase classname="request.UpdateAUserTest" name="updateAUserWithTwoCharLastName" time="1.44"/>
</testsuite> <!-- Command line test -->
