<?xml version="1.0" encoding="UTF-8" ?>
<testsuite tests="40" failures="0" name="TestSuite" time="46.94" errors="0" skipped="0">
  <properties>
[...]
</properties>
  <testcase classname="request.CreateUserTest" name="createUserHappyPath" time="2.838"/>
  <testcase classname="request.CreateUserTest" name="createUserWithFiftyCharFirstName" time="1.208"/>
  <testcase classname="request.CreateUserTest" name="createUserWithFiftyCharLastName" time="1.165"/>
  <testcase classname="request.CreateUserTest" name="createUserWithFourCharUserName" time="0.976"/>
  <testcase classname="request.CreateUserTest" name="createUserWithTwelveCharUserName" time="1.057"/>
  <testcase classname="request.CreateUserTest" name="createUserWithTwoCharFirstName" time="1.078"/>
  <testcase classname="request.CreateUserTest" name="createUserWithTwoCharLastName" time="1.022"/>
  <testcase classname="request.CreateUserTest" name="createUserWithoutPassword" time="1.058"/>
  <testcase classname="request.CreateUserTest" name="doNotCreateUserWithFiftyOneCharFirstName" time="1.101"/>
  <testcase classname="request.CreateUserTest" name="doNotCreateUserWithFiftyOneCharLastName" time="1.101"/>
  <testcase classname="request.CreateUserTest" name="doNotCreateUserWithOneCharFirstName" time="1.07"/>
  <testcase classname="request.CreateUserTest" name="doNotCreateUserWithOneCharLastName" time="1.149"/>
  <testcase classname="request.CreateUserTest" name="doNotCreateUserWithThirteenCharUserName" time="1.292"/>
  <testcase classname="request.CreateUserTest" name="doNotCreateUserWithThreeCharUserName" time="1.24"/>
  <testcase classname="request.CreateUserTest" name="doNotCreateUserWithoutFirstName" time="1.122"/>
  <testcase classname="request.CreateUserTest" name="doNotCreateUserWithoutLastName" time="1.122"/>
  <testcase classname="request.CreateUserTest" name="doNotCreateUserWithoutUserName" time="0.982"/>
  <testcase classname="request.CreateUserTest" name="doNotCreateWithAlphanumericFirstName" time="0.952"/>
  <testcase classname="request.CreateUserTest" name="doNotCreateWithAlphanumericLastName" time="1.095"/>
  <testcase classname="request.DeleteAUserTest" name="deleteAUserHappyPath" time="1.117"/>
  <testcase classname="request.DeleteAUserTest" name="doNotDeleteAUserWitNonExistedUserId" time="0.997"/>
  <testcase classname="request.GetAUserTest" name="doNotGetAUserWithNonExistedUserId" time="1"/>
  <testcase classname="request.GetAUserTest" name="getAUserHappyPath" time="1.203"/>
  <testcase classname="request.GetUserListTest" name="getUserList" time="1.1"/>
  <testcase classname="request.PatchAUserActivityTest" name="doNotPatchAUserActivityWithImproperTypeOfIsActivePropertyValue" time="1.076"/>
  <testcase classname="request.PatchAUserActivityTest" name="doNotPatchAUserActivityWithoutIsActiveProperty" time="1.149"/>
  <testcase classname="request.PatchAUserActivityTest" name="patchAUserActivityAsFalse" time="1.904"/>
  <testcase classname="request.PatchAUserActivityTest" name="patchAUserActivityAsTrue" time="1.039"/>
  <testcase classname="request.UpdateAUserTest" name="doNotUpdateAUserWithFiftyOneCharFirstName" time="1.016"/>
  <testcase classname="request.UpdateAUserTest" name="doNotUpdateAUserWithFiftyOneCharLastName" time="0.984"/>
  <testcase classname="request.UpdateAUserTest" name="doNotUpdateAUserWithNonExistedUserId" time="0.958"/>
  <testcase classname="request.UpdateAUserTest" name="doNotUpdateAUserWithOneCharFirstName" time="1.189"/>
  <testcase classname="request.UpdateAUserTest" name="doNotUpdateAUserWithOneCharLastName" time="1.011"/>
  <testcase classname="request.UpdateAUserTest" name="doNotUpdateAUserWithoutFirstName" time="1.087"/>
  <testcase classname="request.UpdateAUserTest" name="doNotUpdateAUserWithoutLastName" time="1.02"/>
  <testcase classname="request.UpdateAUserTest" name="updateAUserHappyPath" time="1.524"/>
  <testcase classname="request.UpdateAUserTest" name="updateAUserWithFiftyCharFirstName" time="1.145"/>
  <testcase classname="request.UpdateAUserTest" name="updateAUserWithFiftyCharLastName" time="1.009"/>
  <testcase classname="request.UpdateAUserTest" name="updateAUserWithTwoCharFirstName" time="1.344"/>
  <testcase classname="request.UpdateAUserTest" name="updateAUserWithTwoCharLastName" time="1.44"/>
</testsuite>