<?xml version="1.0" encoding="UTF-8"?>
<testng-results ignored="0" total="5" passed="4" failed="1" skipped="0">
  <reporter-output>
  </reporter-output>
  <suite started-at="2023-09-11T14:45:44 TRT" name="request.GetProductListTest" finished-at="2023-09-11T14:45:45 TRT" duration-ms="1604">
    <groups>
    </groups>
    <test started-at="2023-09-11T14:45:44 TRT" name="Command line test" finished-at="2023-09-11T14:45:45 TRT" duration-ms="1604">
      <class name="request.GetProductListTest">
        <test-method signature="cannotGetProductListForUserThatIntegrationSiteIsTemporaryUnavailable()[pri:0, instance:request.GetProductListTest@62f68dff]" started-at="2023-09-11T14:45:44 TRT" name="cannotGetProductListForUserThatIntegrationSiteIsTemporaryUnavailable" finished-at="2023-09-11T14:45:44 TRT" duration-ms="798" status="PASS">
          <reporter-output>
          </reporter-output>
        </test-method> <!-- cannotGetProductListForUserThatIntegrationSiteIsTemporaryUnavailable -->
        <test-method signature="cannotGetProductListWithoutAuthorizationHeader()[pri:0, instance:request.GetProductListTest@62f68dff]" started-at="2023-09-11T14:45:44 TRT" name="cannotGetProductListWithoutAuthorizationHeader" finished-at="2023-09-11T14:45:44 TRT" duration-ms="16" status="PASS">
          <reporter-output>
          </reporter-output>
        </test-method> <!-- cannotGetProductListWithoutAuthorizationHeader -->
        <test-method signature="cannotGetProductListWithoutValidAuthorizationHeader()[pri:0, instance:request.GetProductListTest@62f68dff]" started-at="2023-09-11T14:45:44 TRT" name="cannotGetProductListWithoutValidAuthorizationHeader" finished-at="2023-09-11T14:45:44 TRT" duration-ms="15" status="PASS">
          <reporter-output>
          </reporter-output>
        </test-method> <!-- cannotGetProductListWithoutValidAuthorizationHeader -->
        <test-method signature="getProductsList()[pri:0, instance:request.GetProductListTest@62f68dff]" started-at="2023-09-11T14:45:44 TRT" name="getProductsList" finished-at="2023-09-11T14:45:45 TRT" duration-ms="723" status="PASS">
          <reporter-output>
          </reporter-output>
        </test-method> <!-- getProductsList -->
        <test-method signature="getProductsListWithOneExtraPropertyKey()[pri:0, instance:request.GetProductListTest@62f68dff]" started-at="2023-09-11T14:45:45 TRT" name="getProductsListWithOneExtraPropertyKey" finished-at="2023-09-11T14:45:45 TRT" duration-ms="18" status="FAIL">
          <exception class="java.lang.RuntimeException">
            <message>
              <![CDATA[com.fasterxml.jackson.databind.exc.UnrecognizedPropertyException: Unrecognized field "thatOneExtraProperty" (class response.ProductResponse), not marked as ignorable (12 known properties: "isActive", "isBasketDiscount", "stock", "brand", "title", "price", "id", "description", "rating", "category", "basketDiscountPercentage", "images"])
 at [Source: (String)"{"id":2,"title":"Apple iPhone 12 64 GB","description":"Lorem ipsum dolor sit amet.","price":13500,"isBasketDiscount":false,"rating":4.4,"stock":20,"brand":"Apple","category":"smartphones","images":["https://cdn.dsmcdn.com/mnresize/1200/1800/ty94/product/media/images/20210404/09/74346117/57616583/1/1_org_zoom.jpg"],"thatOneExtraProperty":"thatOneExtraPropertyValue"}"; line: 1, column: 341] (through reference chain: response.ProductResponse["thatOneExtraProperty"])]]>
            </message>
            <full-stacktrace>
              <![CDATA[java.lang.RuntimeException: com.fasterxml.jackson.databind.exc.UnrecognizedPropertyException: Unrecognized field "thatOneExtraProperty" (class response.ProductResponse), not marked as ignorable (12 known properties: "isActive", "isBasketDiscount", "stock", "brand", "title", "price", "id", "description", "rating", "category", "basketDiscountPercentage", "images"])
 at [Source: (String)"{"id":2,"title":"Apple iPhone 12 64 GB","description":"Lorem ipsum dolor sit amet.","price":13500,"isBasketDiscount":false,"rating":4.4,"stock":20,"brand":"Apple","category":"smartphones","images":["https://cdn.dsmcdn.com/mnresize/1200/1800/ty94/product/media/images/20210404/09/74346117/57616583/1/1_org_zoom.jpg"],"thatOneExtraProperty":"thatOneExtraPropertyValue"}"; line: 1, column: 341] (through reference chain: response.ProductResponse["thatOneExtraProperty"])
at io.restassured.internal.path.json.mapping.JsonPathJackson2ObjectDeserializer.deserialize(JsonPathJackson2ObjectDeserializer.java:30)
at io.restassured.internal.path.json.mapping.JsonObjectDeserializer.deserializeWithJackson2(JsonObjectDeserializer.java:93)
at io.restassured.internal.path.json.mapping.JsonObjectDeserializer.deserialize(JsonObjectDeserializer.java:53)
at io.restassured.path.json.JsonPath.jsonStringToObject(JsonPath.java:1093)
at io.restassured.path.json.JsonPath.getList(JsonPath.java:400)
at request.GetProductListTest.getProductsListWithOneExtraPropertyKey(GetProductListTest.java:85)
at java.base/jdk.internal.reflect.NativeMethodAccessorImpl.invoke0(Native Method)
at java.base/jdk.internal.reflect.NativeMethodAccessorImpl.invoke(NativeMethodAccessorImpl.java:64)
at java.base/jdk.internal.reflect.DelegatingMethodAccessorImpl.invoke(DelegatingMethodAccessorImpl.java:43)
at java.base/java.lang.reflect.Method.invoke(Method.java:564)
at org.testng.internal.invokers.MethodInvocationHelper.invokeMethod(MethodInvocationHelper.java:139)
at org.testng.internal.invokers.TestInvoker.invokeMethod(TestInvoker.java:677)
at org.testng.internal.invokers.TestInvoker.invokeTestMethod(TestInvoker.java:221)
at org.testng.internal.invokers.MethodRunner.runInSequence(MethodRunner.java:50)
at org.testng.internal.invokers.TestInvoker$MethodInvocationAgent.invoke(TestInvoker.java:969)
at org.testng.internal.invokers.TestInvoker.invokeTestMethods(TestInvoker.java:194)
at org.testng.internal.invokers.TestMethodWorker.invokeTestMethods(TestMethodWorker.java:148)
at org.testng.internal.invokers.TestMethodWorker.run(TestMethodWorker.java:128)
at java.base/java.util.ArrayList.forEach(ArrayList.java:1511)
at org.testng.TestRunner.privateRun(TestRunner.java:829)
at org.testng.TestRunner.run(TestRunner.java:602)
at org.testng.SuiteRunner.runTest(SuiteRunner.java:437)
at org.testng.SuiteRunner.runSequentially(SuiteRunner.java:431)
at org.testng.SuiteRunner.privateRun(SuiteRunner.java:391)
at org.testng.SuiteRunner.run(SuiteRunner.java:330)
at org.testng.SuiteRunnerWorker.runSuite(SuiteRunnerWorker.java:52)
at org.testng.SuiteRunnerWorker.run(SuiteRunnerWorker.java:95)
at org.testng.TestNG.runSuitesSequentially(TestNG.java:1256)
at org.testng.TestNG.runSuitesLocally(TestNG.java:1176)
at org.testng.TestNG.runSuites(TestNG.java:1099)
at org.testng.TestNG.run(TestNG.java:1067)
at org.apache.maven.surefire.testng.TestNGExecutor.run(TestNGExecutor.java:77)
at org.apache.maven.surefire.testng.TestNGDirectoryTestSuite.execute(TestNGDirectoryTestSuite.java:110)
at org.apache.maven.surefire.testng.TestNGProvider.invoke(TestNGProvider.java:106)
at java.base/jdk.internal.reflect.NativeMethodAccessorImpl.invoke0(Native Method)
at java.base/jdk.internal.reflect.NativeMethodAccessorImpl.invoke(NativeMethodAccessorImpl.java:64)
at java.base/jdk.internal.reflect.DelegatingMethodAccessorImpl.invoke(DelegatingMethodAccessorImpl.java:43)
at java.base/java.lang.reflect.Method.invoke(Method.java:564)
at org.apache.maven.surefire.util.ReflectionUtils.invokeMethodWithArray(ReflectionUtils.java:189)
at org.apache.maven.surefire.booter.ProviderFactory$ProviderProxy.invoke(ProviderFactory.java:165)
at org.apache.maven.surefire.booter.ProviderFactory.invokeProvider(ProviderFactory.java:85)
at org.apache.maven.surefire.booter.ForkedBooter.runSuitesInProcess(ForkedBooter.java:115)
at org.apache.maven.surefire.booter.ForkedBooter.main(ForkedBooter.java:75)
Caused by: com.fasterxml.jackson.databind.exc.UnrecognizedPropertyException: Unrecognized field "thatOneExtraProperty" (class response.ProductResponse), not marked as ignorable (12 known properties: "isActive", "isBasketDiscount", "stock", "brand", "title", "price", "id", "description", "rating", "category", "basketDiscountPercentage", "images"])
 at [Source: (String)"{"id":2,"title":"Apple iPhone 12 64 GB","description":"Lorem ipsum dolor sit amet.","price":13500,"isBasketDiscount":false,"rating":4.4,"stock":20,"brand":"Apple","category":"smartphones","images":["https://cdn.dsmcdn.com/mnresize/1200/1800/ty94/product/media/images/20210404/09/74346117/57616583/1/1_org_zoom.jpg"],"thatOneExtraProperty":"thatOneExtraPropertyValue"}"; line: 1, column: 341] (through reference chain: response.ProductResponse["thatOneExtraProperty"])
at com.fasterxml.jackson.databind.exc.UnrecognizedPropertyException.from(UnrecognizedPropertyException.java:61)
at com.fasterxml.jackson.databind.DeserializationContext.handleUnknownProperty(DeserializationContext.java:1138)
at com.fasterxml.jackson.databind.deser.std.StdDeserializer.handleUnknownProperty(StdDeserializer.java:2224)
at com.fasterxml.jackson.databind.deser.BeanDeserializerBase.handleUnknownProperty(BeanDeserializerBase.java:1709)
at com.fasterxml.jackson.databind.deser.BeanDeserializerBase.handleUnknownVanilla(BeanDeserializerBase.java:1687)
at com.fasterxml.jackson.databind.deser.BeanDeserializer.vanillaDeserialize(BeanDeserializer.java:320)
at com.fasterxml.jackson.databind.deser.BeanDeserializer.deserialize(BeanDeserializer.java:177)
at com.fasterxml.jackson.databind.deser.DefaultDeserializationContext.readRootValue(DefaultDeserializationContext.java:323)
at com.fasterxml.jackson.databind.ObjectMapper._readMapAndClose(ObjectMapper.java:4825)
at com.fasterxml.jackson.databind.ObjectMapper.readValue(ObjectMapper.java:3772)
at io.restassured.internal.path.json.mapping.JsonPathJackson2ObjectDeserializer.deserialize(JsonPathJackson2ObjectDeserializer.java:28)
... 42 more
]]>
            </full-stacktrace>
          </exception> <!-- java.lang.RuntimeException -->
          <reporter-output>
          </reporter-output>
        </test-method> <!-- getProductsListWithOneExtraPropertyKey -->
      </class> <!-- request.GetProductListTest -->
    </test> <!-- Command line test -->
  </suite> <!-- request.GetProductListTest -->
</testng-results>
